2022-05-05 07:29:55.815 INFO  com.wiki.demo.config.DemoApplication              :55   [32m                  [0;39m Starting DemoApplication using Java 1.8.0_121 on 根号3 with PID 7224 (D:\springboot\demo\target\classes started by jin-y in D:\springboot)
2022-05-05 07:29:55.818 INFO  com.wiki.demo.config.DemoApplication              :640  [32m                  [0;39m No active profile set, falling back to 1 default profile: "default"
2022-05-05 07:29:55.872 INFO  o.s.b.d.env.DevToolsPropertyDefaultsPostProcessor :255  [32m                  [0;39m Devtools property defaults active! Set 'spring.devtools.add-properties' to 'false' to disable
2022-05-05 07:29:55.873 INFO  o.s.b.d.env.DevToolsPropertyDefaultsPostProcessor :255  [32m                  [0;39m For additional web related logging consider setting the 'logging.level.web' property to 'DEBUG'
2022-05-05 07:29:56.539 WARN  org.mybatis.spring.mapper.ClassPathMapperScanner  :44   [32m                  [0;39m No MyBatis mapper was found in '[com.wiki.demo.config]' package. Please check your configuration.
2022-05-05 07:29:56.908 INFO  o.s.boot.web.embedded.tomcat.TomcatWebServer      :108  [32m                  [0;39m Tomcat initialized with port(s): 8880 (http)
2022-05-05 07:29:56.917 INFO  org.apache.coyote.http11.Http11NioProtocol        :173  [32m                  [0;39m Initializing ProtocolHandler ["http-nio-8880"]
2022-05-05 07:29:56.918 INFO  org.apache.catalina.core.StandardService          :173  [32m                  [0;39m Starting service [Tomcat]
2022-05-05 07:29:56.918 INFO  org.apache.catalina.core.StandardEngine           :173  [32m                  [0;39m Starting Servlet engine: [Apache Tomcat/9.0.62]
2022-05-05 07:29:57.000 INFO  o.a.c.core.ContainerBase.[Tomcat].[localhost].[/] :173  [32m                  [0;39m Initializing Spring embedded WebApplicationContext
2022-05-05 07:29:57.000 INFO  o.s.b.w.s.c.ServletWebServerApplicationContext    :290  [32m                  [0;39m Root WebApplicationContext: initialization completed in 1125 ms
2022-05-05 07:29:57.418 INFO  o.s.b.d.autoconfigure.OptionalLiveReloadServer    :58   [32m                  [0;39m LiveReload server is running on port 35729
2022-05-05 07:29:57.436 INFO  org.apache.coyote.http11.Http11NioProtocol        :173  [32m                  [0;39m Starting ProtocolHandler ["http-nio-8880"]
2022-05-05 07:29:57.451 INFO  o.s.boot.web.embedded.tomcat.TomcatWebServer      :220  [32m                  [0;39m Tomcat started on port(s): 8880 (http) with context path ''
2022-05-05 07:29:57.461 INFO  com.wiki.demo.config.DemoApplication              :61   [32m                  [0;39m Started DemoApplication in 2.094 seconds (JVM running for 2.965)
2022-05-05 07:47:16.260 INFO  com.wiki.demo.config.DemoApplication              :55   [32m                  [0;39m Starting DemoApplication using Java 1.8.0_121 on 根号3 with PID 7224 (D:\springboot\demo\target\classes started by jin-y in D:\springboot)
2022-05-05 07:47:16.260 INFO  com.wiki.demo.config.DemoApplication              :640  [32m                  [0;39m No active profile set, falling back to 1 default profile: "default"
2022-05-05 07:47:16.416 WARN  org.mybatis.spring.mapper.ClassPathMapperScanner  :44   [32m                  [0;39m No MyBatis mapper was found in '[com.wiki.demo.config]' package. Please check your configuration.
2022-05-05 07:47:16.496 INFO  o.s.boot.web.embedded.tomcat.TomcatWebServer      :108  [32m                  [0;39m Tomcat initialized with port(s): 8880 (http)
2022-05-05 07:47:16.496 INFO  org.apache.coyote.http11.Http11NioProtocol        :173  [32m                  [0;39m Initializing ProtocolHandler ["http-nio-8880"]
2022-05-05 07:47:16.496 INFO  org.apache.catalina.core.StandardService          :173  [32m                  [0;39m Starting service [Tomcat]
2022-05-05 07:47:16.497 INFO  org.apache.catalina.core.StandardEngine           :173  [32m                  [0;39m Starting Servlet engine: [Apache Tomcat/9.0.62]
2022-05-05 07:47:16.511 INFO  o.a.c.core.ContainerBase.[Tomcat].[localhost].[/] :173  [32m                  [0;39m Initializing Spring embedded WebApplicationContext
2022-05-05 07:47:16.512 INFO  o.s.b.w.s.c.ServletWebServerApplicationContext    :290  [32m                  [0;39m Root WebApplicationContext: initialization completed in 249 ms
2022-05-05 07:47:16.619 INFO  o.s.b.d.autoconfigure.OptionalLiveReloadServer    :58   [32m                  [0;39m LiveReload server is running on port 35729
2022-05-05 07:47:16.627 INFO  org.apache.coyote.http11.Http11NioProtocol        :173  [32m                  [0;39m Starting ProtocolHandler ["http-nio-8880"]
2022-05-05 07:47:16.631 INFO  o.s.boot.web.embedded.tomcat.TomcatWebServer      :220  [32m                  [0;39m Tomcat started on port(s): 8880 (http) with context path ''
2022-05-05 07:47:16.635 INFO  com.wiki.demo.config.DemoApplication              :61   [32m                  [0;39m Started DemoApplication in 0.411 seconds (JVM running for 1042.14)
2022-05-05 07:47:16.637 INFO  o.s.b.d.a.ConditionEvaluationDeltaLoggingListener :63   [32m                  [0;39m Condition evaluation unchanged
2022-05-05 07:48:21.107 INFO  com.wiki.demo.config.DemoApplication              :55   [32m                  [0;39m Starting DemoApplication using Java 1.8.0_121 on 根号3 with PID 7224 (D:\springboot\demo\target\classes started by jin-y in D:\springboot)
2022-05-05 07:48:21.107 INFO  com.wiki.demo.config.DemoApplication              :640  [32m                  [0;39m No active profile set, falling back to 1 default profile: "default"
2022-05-05 07:48:21.257 WARN  org.mybatis.spring.mapper.ClassPathMapperScanner  :44   [32m                  [0;39m No MyBatis mapper was found in '[com.wiki.demo.config]' package. Please check your configuration.
2022-05-05 07:48:21.319 INFO  o.s.boot.web.embedded.tomcat.TomcatWebServer      :108  [32m                  [0;39m Tomcat initialized with port(s): 8880 (http)
2022-05-05 07:48:21.320 INFO  org.apache.coyote.http11.Http11NioProtocol        :173  [32m                  [0;39m Initializing ProtocolHandler ["http-nio-8880"]
2022-05-05 07:48:21.320 INFO  org.apache.catalina.core.StandardService          :173  [32m                  [0;39m Starting service [Tomcat]
2022-05-05 07:48:21.320 INFO  org.apache.catalina.core.StandardEngine           :173  [32m                  [0;39m Starting Servlet engine: [Apache Tomcat/9.0.62]
2022-05-05 07:48:21.335 INFO  o.a.c.core.ContainerBase.[Tomcat].[localhost].[/] :173  [32m                  [0;39m Initializing Spring embedded WebApplicationContext
2022-05-05 07:48:21.335 INFO  o.s.b.w.s.c.ServletWebServerApplicationContext    :290  [32m                  [0;39m Root WebApplicationContext: initialization completed in 226 ms
2022-05-05 07:48:21.444 INFO  o.s.b.d.autoconfigure.OptionalLiveReloadServer    :58   [32m                  [0;39m LiveReload server is running on port 35729
2022-05-05 07:48:21.450 INFO  org.apache.coyote.http11.Http11NioProtocol        :173  [32m                  [0;39m Starting ProtocolHandler ["http-nio-8880"]
2022-05-05 07:48:21.453 INFO  o.s.boot.web.embedded.tomcat.TomcatWebServer      :220  [32m                  [0;39m Tomcat started on port(s): 8880 (http) with context path ''
2022-05-05 07:48:21.457 INFO  com.wiki.demo.config.DemoApplication              :61   [32m                  [0;39m Started DemoApplication in 0.378 seconds (JVM running for 1106.962)
2022-05-05 07:48:21.458 INFO  o.s.b.d.a.ConditionEvaluationDeltaLoggingListener :63   [32m                  [0;39m Condition evaluation unchanged
2022-05-05 07:49:33.919 INFO  com.wiki.demo.config.DemoApplication              :55   [32m                  [0;39m Starting DemoApplication using Java 1.8.0_121 on 根号3 with PID 7224 (D:\springboot\demo\target\classes started by jin-y in D:\springboot)
2022-05-05 07:49:33.919 INFO  com.wiki.demo.config.DemoApplication              :640  [32m                  [0;39m No active profile set, falling back to 1 default profile: "default"
2022-05-05 07:49:34.053 WARN  org.mybatis.spring.mapper.ClassPathMapperScanner  :44   [32m                  [0;39m No MyBatis mapper was found in '[com.wiki.demo.config]' package. Please check your configuration.
2022-05-05 07:49:34.123 INFO  o.s.boot.web.embedded.tomcat.TomcatWebServer      :108  [32m                  [0;39m Tomcat initialized with port(s): 8880 (http)
2022-05-05 07:49:34.124 INFO  org.apache.coyote.http11.Http11NioProtocol        :173  [32m                  [0;39m Initializing ProtocolHandler ["http-nio-8880"]
2022-05-05 07:49:34.124 INFO  org.apache.catalina.core.StandardService          :173  [32m                  [0;39m Starting service [Tomcat]
2022-05-05 07:49:34.124 INFO  org.apache.catalina.core.StandardEngine           :173  [32m                  [0;39m Starting Servlet engine: [Apache Tomcat/9.0.62]
2022-05-05 07:49:34.138 INFO  o.a.c.core.ContainerBase.[Tomcat].[localhost].[/] :173  [32m                  [0;39m Initializing Spring embedded WebApplicationContext
2022-05-05 07:49:34.139 INFO  o.s.b.w.s.c.ServletWebServerApplicationContext    :290  [32m                  [0;39m Root WebApplicationContext: initialization completed in 218 ms
2022-05-05 07:49:34.236 INFO  o.s.b.d.autoconfigure.OptionalLiveReloadServer    :58   [32m                  [0;39m LiveReload server is running on port 35729
2022-05-05 07:49:34.242 INFO  org.apache.coyote.http11.Http11NioProtocol        :173  [32m                  [0;39m Starting ProtocolHandler ["http-nio-8880"]
2022-05-05 07:49:34.244 INFO  o.s.boot.web.embedded.tomcat.TomcatWebServer      :220  [32m                  [0;39m Tomcat started on port(s): 8880 (http) with context path ''
2022-05-05 07:49:34.248 INFO  com.wiki.demo.config.DemoApplication              :61   [32m                  [0;39m Started DemoApplication in 0.356 seconds (JVM running for 1179.753)
2022-05-05 07:49:34.249 INFO  o.s.b.d.a.ConditionEvaluationDeltaLoggingListener :63   [32m                  [0;39m Condition evaluation unchanged
2022-05-05 07:50:23.480 INFO  com.wiki.demo.config.DemoApplication              :55   [32m                  [0;39m Starting DemoApplication using Java 1.8.0_121 on 根号3 with PID 7224 (D:\springboot\demo\target\classes started by jin-y in D:\springboot)
2022-05-05 07:50:23.481 INFO  com.wiki.demo.config.DemoApplication              :640  [32m                  [0;39m No active profile set, falling back to 1 default profile: "default"
2022-05-05 07:50:23.609 WARN  org.mybatis.spring.mapper.ClassPathMapperScanner  :44   [32m                  [0;39m No MyBatis mapper was found in '[com.wiki.demo.config]' package. Please check your configuration.
2022-05-05 07:50:23.676 INFO  o.s.boot.web.embedded.tomcat.TomcatWebServer      :108  [32m                  [0;39m Tomcat initialized with port(s): 8880 (http)
2022-05-05 07:50:23.677 INFO  org.apache.coyote.http11.Http11NioProtocol        :173  [32m                  [0;39m Initializing ProtocolHandler ["http-nio-8880"]
2022-05-05 07:50:23.677 INFO  org.apache.catalina.core.StandardService          :173  [32m                  [0;39m Starting service [Tomcat]
2022-05-05 07:50:23.677 INFO  org.apache.catalina.core.StandardEngine           :173  [32m                  [0;39m Starting Servlet engine: [Apache Tomcat/9.0.62]
2022-05-05 07:50:23.688 INFO  o.a.c.core.ContainerBase.[Tomcat].[localhost].[/] :173  [32m                  [0;39m Initializing Spring embedded WebApplicationContext
2022-05-05 07:50:23.688 INFO  o.s.b.w.s.c.ServletWebServerApplicationContext    :290  [32m                  [0;39m Root WebApplicationContext: initialization completed in 206 ms
2022-05-05 07:50:23.763 INFO  o.s.b.d.autoconfigure.OptionalLiveReloadServer    :58   [32m                  [0;39m LiveReload server is running on port 35729
2022-05-05 07:50:23.769 INFO  org.apache.coyote.http11.Http11NioProtocol        :173  [32m                  [0;39m Starting ProtocolHandler ["http-nio-8880"]
2022-05-05 07:50:23.771 INFO  o.s.boot.web.embedded.tomcat.TomcatWebServer      :220  [32m                  [0;39m Tomcat started on port(s): 8880 (http) with context path ''
2022-05-05 07:50:23.775 INFO  com.wiki.demo.config.DemoApplication              :61   [32m                  [0;39m Started DemoApplication in 0.321 seconds (JVM running for 1229.28)
2022-05-05 07:50:23.776 INFO  o.s.b.d.a.ConditionEvaluationDeltaLoggingListener :63   [32m                  [0;39m Condition evaluation unchanged
2022-05-05 08:13:11.473 INFO  com.wiki.demo.config.DemoApplication              :55   [32m                  [0;39m Starting DemoApplication using Java 1.8.0_121 on 根号3 with PID 23876 (D:\springboot\demo\target\classes started by jin-y in D:\springboot)
2022-05-05 08:13:11.475 INFO  com.wiki.demo.config.DemoApplication              :640  [32m                  [0;39m No active profile set, falling back to 1 default profile: "default"
2022-05-05 08:13:11.530 INFO  o.s.b.d.env.DevToolsPropertyDefaultsPostProcessor :255  [32m                  [0;39m Devtools property defaults active! Set 'spring.devtools.add-properties' to 'false' to disable
2022-05-05 08:13:11.531 INFO  o.s.b.d.env.DevToolsPropertyDefaultsPostProcessor :255  [32m                  [0;39m For additional web related logging consider setting the 'logging.level.web' property to 'DEBUG'
2022-05-05 08:13:12.107 WARN  org.mybatis.spring.mapper.ClassPathMapperScanner  :44   [32m                  [0;39m No MyBatis mapper was found in '[com.wiki.demo.mapper.TestMapper]' package. Please check your configuration.
2022-05-05 08:13:12.426 INFO  o.s.boot.web.embedded.tomcat.TomcatWebServer      :108  [32m                  [0;39m Tomcat initialized with port(s): 8880 (http)
2022-05-05 08:13:12.433 INFO  org.apache.coyote.http11.Http11NioProtocol        :173  [32m                  [0;39m Initializing ProtocolHandler ["http-nio-8880"]
2022-05-05 08:13:12.433 INFO  org.apache.catalina.core.StandardService          :173  [32m                  [0;39m Starting service [Tomcat]
2022-05-05 08:13:12.434 INFO  org.apache.catalina.core.StandardEngine           :173  [32m                  [0;39m Starting Servlet engine: [Apache Tomcat/9.0.62]
2022-05-05 08:13:12.499 INFO  o.a.c.core.ContainerBase.[Tomcat].[localhost].[/] :173  [32m                  [0;39m Initializing Spring embedded WebApplicationContext
2022-05-05 08:13:12.499 INFO  o.s.b.w.s.c.ServletWebServerApplicationContext    :290  [32m                  [0;39m Root WebApplicationContext: initialization completed in 968 ms
2022-05-05 08:13:12.539 WARN  o.s.b.w.s.c.AnnotationConfigServletWebServerApplicationContext:591  [32m                  [0;39m Exception encountered during context initialization - cancelling refresh attempt: org.springframework.beans.factory.UnsatisfiedDependencyException: Error creating bean with name 'testController': Unsatisfied dependency expressed through field 'testService'; nested exception is org.springframework.beans.factory.UnsatisfiedDependencyException: Error creating bean with name 'testService': Unsatisfied dependency expressed through field 'testMapper'; nested exception is org.springframework.beans.factory.NoSuchBeanDefinitionException: No qualifying bean of type 'com.wiki.demo.mapper.TestMapper' available: expected at least 1 bean which qualifies as autowire candidate. Dependency annotations: {@org.springframework.beans.factory.annotation.Autowired(required=true)}
2022-05-05 08:13:12.542 INFO  org.apache.catalina.core.StandardService          :173  [32m                  [0;39m Stopping service [Tomcat]
2022-05-05 08:13:12.553 INFO  o.s.b.a.l.ConditionEvaluationReportLoggingListener:136  [32m                  [0;39m 

Error starting ApplicationContext. To display the conditions report re-run your application with 'debug' enabled.
2022-05-05 08:13:12.568 ERROR o.s.b.diagnostics.LoggingFailureAnalysisReporter  :40   [32m                  [0;39m 

***************************
APPLICATION FAILED TO START
***************************

Description:

Field testMapper in com.wiki.demo.service.TestService required a bean of type 'com.wiki.demo.mapper.TestMapper' that could not be found.

The injection point has the following annotations:
	- @org.springframework.beans.factory.annotation.Autowired(required=true)


Action:

Consider defining a bean of type 'com.wiki.demo.mapper.TestMapper' in your configuration.

2022-05-05 08:16:08.981 INFO  com.wiki.demo.config.DemoApplication              :55   [32m                  [0;39m Starting DemoApplication using Java 1.8.0_121 on 根号3 with PID 27236 (D:\springboot\demo\target\classes started by jin-y in D:\springboot)
2022-05-05 08:16:08.982 INFO  com.wiki.demo.config.DemoApplication              :640  [32m                  [0;39m No active profile set, falling back to 1 default profile: "default"
2022-05-05 08:16:09.043 INFO  o.s.b.d.env.DevToolsPropertyDefaultsPostProcessor :255  [32m                  [0;39m Devtools property defaults active! Set 'spring.devtools.add-properties' to 'false' to disable
2022-05-05 08:16:09.044 INFO  o.s.b.d.env.DevToolsPropertyDefaultsPostProcessor :255  [32m                  [0;39m For additional web related logging consider setting the 'logging.level.web' property to 'DEBUG'
2022-05-05 08:16:09.611 WARN  org.mybatis.spring.mapper.ClassPathMapperScanner  :44   [32m                  [0;39m No MyBatis mapper was found in '[com.wiki.demo.mapper.TestMapper]' package. Please check your configuration.
2022-05-05 08:16:09.979 INFO  o.s.boot.web.embedded.tomcat.TomcatWebServer      :108  [32m                  [0;39m Tomcat initialized with port(s): 8880 (http)
2022-05-05 08:16:09.985 INFO  org.apache.coyote.http11.Http11NioProtocol        :173  [32m                  [0;39m Initializing ProtocolHandler ["http-nio-8880"]
2022-05-05 08:16:09.985 INFO  org.apache.catalina.core.StandardService          :173  [32m                  [0;39m Starting service [Tomcat]
2022-05-05 08:16:09.986 INFO  org.apache.catalina.core.StandardEngine           :173  [32m                  [0;39m Starting Servlet engine: [Apache Tomcat/9.0.62]
2022-05-05 08:16:10.053 INFO  o.a.c.core.ContainerBase.[Tomcat].[localhost].[/] :173  [32m                  [0;39m Initializing Spring embedded WebApplicationContext
2022-05-05 08:16:10.053 INFO  o.s.b.w.s.c.ServletWebServerApplicationContext    :290  [32m                  [0;39m Root WebApplicationContext: initialization completed in 1008 ms
2022-05-05 08:16:10.095 WARN  o.s.b.w.s.c.AnnotationConfigServletWebServerApplicationContext:591  [32m                  [0;39m Exception encountered during context initialization - cancelling refresh attempt: org.springframework.beans.factory.UnsatisfiedDependencyException: Error creating bean with name 'testController': Unsatisfied dependency expressed through field 'testService'; nested exception is org.springframework.beans.factory.UnsatisfiedDependencyException: Error creating bean with name 'testService': Unsatisfied dependency expressed through field 'testMapper'; nested exception is org.springframework.beans.factory.NoSuchBeanDefinitionException: No qualifying bean of type 'com.wiki.demo.mapper.TestMapper' available: expected at least 1 bean which qualifies as autowire candidate. Dependency annotations: {@org.springframework.beans.factory.annotation.Autowired(required=true)}
2022-05-05 08:16:10.097 INFO  org.apache.catalina.core.StandardService          :173  [32m                  [0;39m Stopping service [Tomcat]
2022-05-05 08:16:10.109 INFO  o.s.b.a.l.ConditionEvaluationReportLoggingListener:136  [32m                  [0;39m 

Error starting ApplicationContext. To display the conditions report re-run your application with 'debug' enabled.
2022-05-05 08:16:10.125 ERROR o.s.b.diagnostics.LoggingFailureAnalysisReporter  :40   [32m                  [0;39m 

***************************
APPLICATION FAILED TO START
***************************

Description:

Field testMapper in com.wiki.demo.service.TestService required a bean of type 'com.wiki.demo.mapper.TestMapper' that could not be found.

The injection point has the following annotations:
	- @org.springframework.beans.factory.annotation.Autowired(required=true)


Action:

Consider defining a bean of type 'com.wiki.demo.mapper.TestMapper' in your configuration.

2022-05-05 08:23:44.504 INFO  com.wiki.demo.config.DemoApplication              :55   [32m                  [0;39m Starting DemoApplication using Java 1.8.0_121 on 根号3 with PID 10768 (D:\springboot\demo\target\classes started by jin-y in D:\springboot)
2022-05-05 08:23:44.507 INFO  com.wiki.demo.config.DemoApplication              :640  [32m                  [0;39m No active profile set, falling back to 1 default profile: "default"
2022-05-05 08:23:44.575 INFO  o.s.b.d.env.DevToolsPropertyDefaultsPostProcessor :255  [32m                  [0;39m Devtools property defaults active! Set 'spring.devtools.add-properties' to 'false' to disable
2022-05-05 08:23:44.575 INFO  o.s.b.d.env.DevToolsPropertyDefaultsPostProcessor :255  [32m                  [0;39m For additional web related logging consider setting the 'logging.level.web' property to 'DEBUG'
2022-05-05 08:23:45.138 WARN  org.mybatis.spring.mapper.ClassPathMapperScanner  :44   [32m                  [0;39m No MyBatis mapper was found in '[com.wiki.demo.Mapper.TestMapper]' package. Please check your configuration.
2022-05-05 08:23:45.491 INFO  o.s.boot.web.embedded.tomcat.TomcatWebServer      :108  [32m                  [0;39m Tomcat initialized with port(s): 8880 (http)
2022-05-05 08:23:45.498 INFO  org.apache.coyote.http11.Http11NioProtocol        :173  [32m                  [0;39m Initializing ProtocolHandler ["http-nio-8880"]
2022-05-05 08:23:45.498 INFO  org.apache.catalina.core.StandardService          :173  [32m                  [0;39m Starting service [Tomcat]
2022-05-05 08:23:45.499 INFO  org.apache.catalina.core.StandardEngine           :173  [32m                  [0;39m Starting Servlet engine: [Apache Tomcat/9.0.62]
2022-05-05 08:23:45.571 INFO  o.a.c.core.ContainerBase.[Tomcat].[localhost].[/] :173  [32m                  [0;39m Initializing Spring embedded WebApplicationContext
2022-05-05 08:23:45.571 INFO  o.s.b.w.s.c.ServletWebServerApplicationContext    :290  [32m                  [0;39m Root WebApplicationContext: initialization completed in 995 ms
2022-05-05 08:23:45.607 WARN  o.s.b.w.s.c.AnnotationConfigServletWebServerApplicationContext:591  [32m                  [0;39m Exception encountered during context initialization - cancelling refresh attempt: org.springframework.beans.factory.UnsatisfiedDependencyException: Error creating bean with name 'testController': Unsatisfied dependency expressed through field 'testService'; nested exception is org.springframework.beans.factory.UnsatisfiedDependencyException: Error creating bean with name 'testService': Unsatisfied dependency expressed through field 'testMapper'; nested exception is org.springframework.beans.factory.NoSuchBeanDefinitionException: No qualifying bean of type 'com.wiki.demo.mapper.TestMapper' available: expected at least 1 bean which qualifies as autowire candidate. Dependency annotations: {@org.springframework.beans.factory.annotation.Autowired(required=true)}
2022-05-05 08:23:45.611 INFO  org.apache.catalina.core.StandardService          :173  [32m                  [0;39m Stopping service [Tomcat]
2022-05-05 08:23:45.622 INFO  o.s.b.a.l.ConditionEvaluationReportLoggingListener:136  [32m                  [0;39m 

Error starting ApplicationContext. To display the conditions report re-run your application with 'debug' enabled.
2022-05-05 08:23:45.643 ERROR o.s.b.diagnostics.LoggingFailureAnalysisReporter  :40   [32m                  [0;39m 

***************************
APPLICATION FAILED TO START
***************************

Description:

Field testMapper in com.wiki.demo.service.TestService required a bean of type 'com.wiki.demo.mapper.TestMapper' that could not be found.

The injection point has the following annotations:
	- @org.springframework.beans.factory.annotation.Autowired(required=true)


Action:

Consider defining a bean of type 'com.wiki.demo.mapper.TestMapper' in your configuration.

2022-05-05 08:24:11.453 INFO  com.wiki.demo.config.DemoApplication              :55   [32m                  [0;39m Starting DemoApplication using Java 1.8.0_121 on 根号3 with PID 20804 (D:\springboot\demo\target\classes started by jin-y in D:\springboot)
2022-05-05 08:24:11.456 INFO  com.wiki.demo.config.DemoApplication              :640  [32m                  [0;39m No active profile set, falling back to 1 default profile: "default"
2022-05-05 08:24:11.513 INFO  o.s.b.d.env.DevToolsPropertyDefaultsPostProcessor :255  [32m                  [0;39m Devtools property defaults active! Set 'spring.devtools.add-properties' to 'false' to disable
2022-05-05 08:24:11.514 INFO  o.s.b.d.env.DevToolsPropertyDefaultsPostProcessor :255  [32m                  [0;39m For additional web related logging consider setting the 'logging.level.web' property to 'DEBUG'
2022-05-05 08:24:12.448 INFO  o.s.boot.web.embedded.tomcat.TomcatWebServer      :108  [32m                  [0;39m Tomcat initialized with port(s): 8880 (http)
2022-05-05 08:24:12.464 INFO  org.apache.coyote.http11.Http11NioProtocol        :173  [32m                  [0;39m Initializing ProtocolHandler ["http-nio-8880"]
2022-05-05 08:24:12.464 INFO  org.apache.catalina.core.StandardService          :173  [32m                  [0;39m Starting service [Tomcat]
2022-05-05 08:24:12.464 INFO  org.apache.catalina.core.StandardEngine           :173  [32m                  [0;39m Starting Servlet engine: [Apache Tomcat/9.0.62]
2022-05-05 08:24:12.529 INFO  o.a.c.core.ContainerBase.[Tomcat].[localhost].[/] :173  [32m                  [0;39m Initializing Spring embedded WebApplicationContext
2022-05-05 08:24:12.530 INFO  o.s.b.w.s.c.ServletWebServerApplicationContext    :290  [32m                  [0;39m Root WebApplicationContext: initialization completed in 1016 ms
2022-05-05 08:24:13.018 INFO  o.s.b.d.autoconfigure.OptionalLiveReloadServer    :58   [32m                  [0;39m LiveReload server is running on port 35729
2022-05-05 08:24:13.032 INFO  org.apache.coyote.http11.Http11NioProtocol        :173  [32m                  [0;39m Starting ProtocolHandler ["http-nio-8880"]
2022-05-05 08:24:13.050 INFO  o.s.boot.web.embedded.tomcat.TomcatWebServer      :220  [32m                  [0;39m Tomcat started on port(s): 8880 (http) with context path ''
2022-05-05 08:24:13.058 INFO  com.wiki.demo.config.DemoApplication              :61   [32m                  [0;39m Started DemoApplication in 1.991 seconds (JVM running for 2.85)
2022-05-05 08:24:27.809 INFO  o.a.c.core.ContainerBase.[Tomcat].[localhost].[/] :173  [32m                  [0;39m Initializing Spring DispatcherServlet 'dispatcherServlet'
2022-05-05 08:24:27.809 INFO  org.springframework.web.servlet.DispatcherServlet :525  [32m                  [0;39m Initializing Servlet 'dispatcherServlet'
2022-05-05 08:24:27.810 INFO  org.springframework.web.servlet.DispatcherServlet :547  [32m                  [0;39m Completed initialization in 1 ms
2022-05-05 08:24:27.837 INFO  com.zaxxer.hikari.HikariDataSource                :110  [32m                  [0;39m HikariPool-1 - Starting...
2022-05-05 08:24:33.363 ERROR com.zaxxer.hikari.pool.HikariPool                 :594  [32m                  [0;39m HikariPool-1 - Exception during pool initialization.
java.sql.SQLNonTransientConnectionException: Could not create connection to database server. Attempted reconnect 3 times. Giving up.
	at com.mysql.cj.jdbc.exceptions.SQLError.createSQLException(SQLError.java:110)
	at com.mysql.cj.jdbc.exceptions.SQLError.createSQLException(SQLError.java:97)
	at com.mysql.cj.jdbc.exceptions.SQLError.createSQLException(SQLError.java:89)
	at com.mysql.cj.jdbc.exceptions.SQLError.createSQLException(SQLError.java:63)
	at com.mysql.cj.jdbc.exceptions.SQLError.createSQLException(SQLError.java:73)
	at com.mysql.cj.jdbc.ConnectionImpl.connectWithRetries(ConnectionImpl.java:906)
	at com.mysql.cj.jdbc.ConnectionImpl.createNewIO(ConnectionImpl.java:831)
	at com.mysql.cj.jdbc.ConnectionImpl.<init>(ConnectionImpl.java:456)
	at com.mysql.cj.jdbc.ConnectionImpl.getInstance(ConnectionImpl.java:246)
	at com.mysql.cj.jdbc.NonRegisteringDriver.connect(NonRegisteringDriver.java:198)
	at com.zaxxer.hikari.util.DriverDataSource.getConnection(DriverDataSource.java:138)
	at com.zaxxer.hikari.pool.PoolBase.newConnection(PoolBase.java:364)
	at com.zaxxer.hikari.pool.PoolBase.newPoolEntry(PoolBase.java:206)
	at com.zaxxer.hikari.pool.HikariPool.createPoolEntry(HikariPool.java:476)
	at com.zaxxer.hikari.pool.HikariPool.checkFailFast(HikariPool.java:561)
	at com.zaxxer.hikari.pool.HikariPool.<init>(HikariPool.java:115)
	at com.zaxxer.hikari.HikariDataSource.getConnection(HikariDataSource.java:112)
	at org.springframework.jdbc.datasource.DataSourceUtils.fetchConnection(DataSourceUtils.java:159)
	at org.springframework.jdbc.datasource.DataSourceUtils.doGetConnection(DataSourceUtils.java:117)
	at org.springframework.jdbc.datasource.DataSourceUtils.getConnection(DataSourceUtils.java:80)
	at org.mybatis.spring.transaction.SpringManagedTransaction.openConnection(SpringManagedTransaction.java:80)
	at org.mybatis.spring.transaction.SpringManagedTransaction.getConnection(SpringManagedTransaction.java:67)
	at org.apache.ibatis.executor.BaseExecutor.getConnection(BaseExecutor.java:337)
	at org.apache.ibatis.executor.SimpleExecutor.prepareStatement(SimpleExecutor.java:86)
	at org.apache.ibatis.executor.SimpleExecutor.doQuery(SimpleExecutor.java:62)
	at org.apache.ibatis.executor.BaseExecutor.queryFromDatabase(BaseExecutor.java:325)
	at org.apache.ibatis.executor.BaseExecutor.query(BaseExecutor.java:156)
	at org.apache.ibatis.executor.CachingExecutor.query(CachingExecutor.java:109)
	at org.apache.ibatis.executor.CachingExecutor.query(CachingExecutor.java:89)
	at org.apache.ibatis.session.defaults.DefaultSqlSession.selectList(DefaultSqlSession.java:147)
	at org.apache.ibatis.session.defaults.DefaultSqlSession.selectList(DefaultSqlSession.java:140)
	at sun.reflect.NativeMethodAccessorImpl.invoke0(Native Method)
	at sun.reflect.NativeMethodAccessorImpl.invoke(NativeMethodAccessorImpl.java:62)
	at sun.reflect.DelegatingMethodAccessorImpl.invoke(DelegatingMethodAccessorImpl.java:43)
	at java.lang.reflect.Method.invoke(Method.java:498)
	at org.mybatis.spring.SqlSessionTemplate$SqlSessionInterceptor.invoke(SqlSessionTemplate.java:426)
	at com.sun.proxy.$Proxy64.selectList(Unknown Source)
	at org.mybatis.spring.SqlSessionTemplate.selectList(SqlSessionTemplate.java:223)
	at org.apache.ibatis.binding.MapperMethod.executeForMany(MapperMethod.java:147)
	at org.apache.ibatis.binding.MapperMethod.execute(MapperMethod.java:80)
	at org.apache.ibatis.binding.MapperProxy$PlainMethodInvoker.invoke(MapperProxy.java:152)
	at org.apache.ibatis.binding.MapperProxy.invoke(MapperProxy.java:85)
	at com.sun.proxy.$Proxy65.list(Unknown Source)
	at sun.reflect.NativeMethodAccessorImpl.invoke0(Native Method)
	at sun.reflect.NativeMethodAccessorImpl.invoke(NativeMethodAccessorImpl.java:62)
	at sun.reflect.DelegatingMethodAccessorImpl.invoke(DelegatingMethodAccessorImpl.java:43)
	at java.lang.reflect.Method.invoke(Method.java:498)
	at org.springframework.aop.support.AopUtils.invokeJoinpointUsingReflection(AopUtils.java:344)
	at org.springframework.aop.framework.ReflectiveMethodInvocation.invokeJoinpoint(ReflectiveMethodInvocation.java:198)
	at org.springframework.aop.framework.ReflectiveMethodInvocation.proceed(ReflectiveMethodInvocation.java:163)
	at org.springframework.dao.support.PersistenceExceptionTranslationInterceptor.invoke(PersistenceExceptionTranslationInterceptor.java:137)
	at org.springframework.aop.framework.ReflectiveMethodInvocation.proceed(ReflectiveMethodInvocation.java:186)
	at org.springframework.aop.framework.JdkDynamicAopProxy.invoke(JdkDynamicAopProxy.java:215)
	at com.sun.proxy.$Proxy66.list(Unknown Source)
	at com.wiki.demo.service.TestService.list(TestService.java:17)
	at com.wiki.demo.controller.TestController.list(TestController.java:47)
	at sun.reflect.NativeMethodAccessorImpl.invoke0(Native Method)
	at sun.reflect.NativeMethodAccessorImpl.invoke(NativeMethodAccessorImpl.java:62)
	at sun.reflect.DelegatingMethodAccessorImpl.invoke(DelegatingMethodAccessorImpl.java:43)
	at java.lang.reflect.Method.invoke(Method.java:498)
	at org.springframework.web.method.support.InvocableHandlerMethod.doInvoke(InvocableHandlerMethod.java:205)
	at org.springframework.web.method.support.InvocableHandlerMethod.invokeForRequest(InvocableHandlerMethod.java:150)
	at org.springframework.web.servlet.mvc.method.annotation.ServletInvocableHandlerMethod.invokeAndHandle(ServletInvocableHandlerMethod.java:117)
	at org.springframework.web.servlet.mvc.method.annotation.RequestMappingHandlerAdapter.invokeHandlerMethod(RequestMappingHandlerAdapter.java:895)
	at org.springframework.web.servlet.mvc.method.annotation.RequestMappingHandlerAdapter.handleInternal(RequestMappingHandlerAdapter.java:808)
	at org.springframework.web.servlet.mvc.method.AbstractHandlerMethodAdapter.handle(AbstractHandlerMethodAdapter.java:87)
	at org.springframework.web.servlet.DispatcherServlet.doDispatch(DispatcherServlet.java:1067)
	at org.springframework.web.servlet.DispatcherServlet.doService(DispatcherServlet.java:963)
	at org.springframework.web.servlet.FrameworkServlet.processRequest(FrameworkServlet.java:1006)
	at org.springframework.web.servlet.FrameworkServlet.doGet(FrameworkServlet.java:898)
	at javax.servlet.http.HttpServlet.service(HttpServlet.java:655)
	at org.springframework.web.servlet.FrameworkServlet.service(FrameworkServlet.java:883)
	at javax.servlet.http.HttpServlet.service(HttpServlet.java:764)
	at org.apache.catalina.core.ApplicationFilterChain.internalDoFilter(ApplicationFilterChain.java:227)
	at org.apache.catalina.core.ApplicationFilterChain.doFilter(ApplicationFilterChain.java:162)
	at org.apache.tomcat.websocket.server.WsFilter.doFilter(WsFilter.java:53)
	at org.apache.catalina.core.ApplicationFilterChain.internalDoFilter(ApplicationFilterChain.java:189)
	at org.apache.catalina.core.ApplicationFilterChain.doFilter(ApplicationFilterChain.java:162)
	at org.springframework.web.filter.RequestContextFilter.doFilterInternal(RequestContextFilter.java:100)
	at org.springframework.web.filter.OncePerRequestFilter.doFilter(OncePerRequestFilter.java:117)
	at org.apache.catalina.core.ApplicationFilterChain.internalDoFilter(ApplicationFilterChain.java:189)
	at org.apache.catalina.core.ApplicationFilterChain.doFilter(ApplicationFilterChain.java:162)
	at org.springframework.web.filter.FormContentFilter.doFilterInternal(FormContentFilter.java:93)
	at org.springframework.web.filter.OncePerRequestFilter.doFilter(OncePerRequestFilter.java:117)
	at org.apache.catalina.core.ApplicationFilterChain.internalDoFilter(ApplicationFilterChain.java:189)
	at org.apache.catalina.core.ApplicationFilterChain.doFilter(ApplicationFilterChain.java:162)
	at org.springframework.web.filter.CharacterEncodingFilter.doFilterInternal(CharacterEncodingFilter.java:201)
	at org.springframework.web.filter.OncePerRequestFilter.doFilter(OncePerRequestFilter.java:117)
	at org.apache.catalina.core.ApplicationFilterChain.internalDoFilter(ApplicationFilterChain.java:189)
	at org.apache.catalina.core.ApplicationFilterChain.doFilter(ApplicationFilterChain.java:162)
	at org.apache.catalina.core.StandardWrapperValve.invoke(StandardWrapperValve.java:197)
	at org.apache.catalina.core.StandardContextValve.invoke(StandardContextValve.java:97)
	at org.apache.catalina.authenticator.AuthenticatorBase.invoke(AuthenticatorBase.java:541)
	at org.apache.catalina.core.StandardHostValve.invoke(StandardHostValve.java:135)
	at org.apache.catalina.valves.ErrorReportValve.invoke(ErrorReportValve.java:92)
	at org.apache.catalina.core.StandardEngineValve.invoke(StandardEngineValve.java:78)
	at org.apache.catalina.connector.CoyoteAdapter.service(CoyoteAdapter.java:360)
	at org.apache.coyote.http11.Http11Processor.service(Http11Processor.java:399)
	at org.apache.coyote.AbstractProcessorLight.process(AbstractProcessorLight.java:65)
	at org.apache.coyote.AbstractProtocol$ConnectionHandler.process(AbstractProtocol.java:890)
	at org.apache.tomcat.util.net.NioEndpoint$SocketProcessor.doRun(NioEndpoint.java:1743)
	at org.apache.tomcat.util.net.SocketProcessorBase.run(SocketProcessorBase.java:49)
	at org.apache.tomcat.util.threads.ThreadPoolExecutor.runWorker(ThreadPoolExecutor.java:1191)
	at org.apache.tomcat.util.threads.ThreadPoolExecutor$Worker.run(ThreadPoolExecutor.java:659)
	at org.apache.tomcat.util.threads.TaskThread$WrappingRunnable.run(TaskThread.java:61)
	at java.lang.Thread.run(Thread.java:745)
Caused by: com.mysql.cj.exceptions.WrongArgumentException: No timezone mapping entry for 'Asia/ShenZhen'
	at sun.reflect.NativeConstructorAccessorImpl.newInstance0(Native Method)
	at sun.reflect.NativeConstructorAccessorImpl.newInstance(NativeConstructorAccessorImpl.java:62)
	at sun.reflect.DelegatingConstructorAccessorImpl.newInstance(DelegatingConstructorAccessorImpl.java:45)
	at java.lang.reflect.Constructor.newInstance(Constructor.java:423)
	at com.mysql.cj.exceptions.ExceptionFactory.createException(ExceptionFactory.java:61)
	at com.mysql.cj.exceptions.ExceptionFactory.createException(ExceptionFactory.java:85)
	at com.mysql.cj.protocol.a.NativeProtocol.configureTimezone(NativeProtocol.java:2200)
	at com.mysql.cj.protocol.a.NativeProtocol.initServerSession(NativeProtocol.java:2209)
	at com.mysql.cj.jdbc.ConnectionImpl.initializePropsFromServer(ConnectionImpl.java:1318)
	at com.mysql.cj.jdbc.ConnectionImpl.connectWithRetries(ConnectionImpl.java:869)
	... 100 common frames omitted
2022-05-05 08:24:33.371 ERROR o.a.c.c.C.[.[localhost].[/].[dispatcherServlet]   :175  [32m                  [0;39m Servlet.service() for servlet [dispatcherServlet] in context with path [] threw exception [Request processing failed; nested exception is org.mybatis.spring.MyBatisSystemException: nested exception is org.apache.ibatis.exceptions.PersistenceException: 
### Error querying database.  Cause: org.springframework.jdbc.CannotGetJdbcConnectionException: Failed to obtain JDBC Connection; nested exception is java.sql.SQLNonTransientConnectionException: Could not create connection to database server. Attempted reconnect 3 times. Giving up.
### The error may exist in file [D:\springboot\demo\target\classes\mapper\TestMapper.xml]
### The error may involve com.wiki.demo.mapper.TestMapper.list
### The error occurred while executing a query
### Cause: org.springframework.jdbc.CannotGetJdbcConnectionException: Failed to obtain JDBC Connection; nested exception is java.sql.SQLNonTransientConnectionException: Could not create connection to database server. Attempted reconnect 3 times. Giving up.] with root cause
com.mysql.cj.exceptions.WrongArgumentException: No timezone mapping entry for 'Asia/ShenZhen'
	at sun.reflect.NativeConstructorAccessorImpl.newInstance0(Native Method)
	at sun.reflect.NativeConstructorAccessorImpl.newInstance(NativeConstructorAccessorImpl.java:62)
	at sun.reflect.DelegatingConstructorAccessorImpl.newInstance(DelegatingConstructorAccessorImpl.java:45)
	at java.lang.reflect.Constructor.newInstance(Constructor.java:423)
	at com.mysql.cj.exceptions.ExceptionFactory.createException(ExceptionFactory.java:61)
	at com.mysql.cj.exceptions.ExceptionFactory.createException(ExceptionFactory.java:85)
	at com.mysql.cj.protocol.a.NativeProtocol.configureTimezone(NativeProtocol.java:2200)
	at com.mysql.cj.protocol.a.NativeProtocol.initServerSession(NativeProtocol.java:2209)
	at com.mysql.cj.jdbc.ConnectionImpl.initializePropsFromServer(ConnectionImpl.java:1318)
	at com.mysql.cj.jdbc.ConnectionImpl.connectWithRetries(ConnectionImpl.java:869)
	at com.mysql.cj.jdbc.ConnectionImpl.createNewIO(ConnectionImpl.java:831)
	at com.mysql.cj.jdbc.ConnectionImpl.<init>(ConnectionImpl.java:456)
	at com.mysql.cj.jdbc.ConnectionImpl.getInstance(ConnectionImpl.java:246)
	at com.mysql.cj.jdbc.NonRegisteringDriver.connect(NonRegisteringDriver.java:198)
	at com.zaxxer.hikari.util.DriverDataSource.getConnection(DriverDataSource.java:138)
	at com.zaxxer.hikari.pool.PoolBase.newConnection(PoolBase.java:364)
	at com.zaxxer.hikari.pool.PoolBase.newPoolEntry(PoolBase.java:206)
	at com.zaxxer.hikari.pool.HikariPool.createPoolEntry(HikariPool.java:476)
	at com.zaxxer.hikari.pool.HikariPool.checkFailFast(HikariPool.java:561)
	at com.zaxxer.hikari.pool.HikariPool.<init>(HikariPool.java:115)
	at com.zaxxer.hikari.HikariDataSource.getConnection(HikariDataSource.java:112)
	at org.springframework.jdbc.datasource.DataSourceUtils.fetchConnection(DataSourceUtils.java:159)
	at org.springframework.jdbc.datasource.DataSourceUtils.doGetConnection(DataSourceUtils.java:117)
	at org.springframework.jdbc.datasource.DataSourceUtils.getConnection(DataSourceUtils.java:80)
	at org.mybatis.spring.transaction.SpringManagedTransaction.openConnection(SpringManagedTransaction.java:80)
	at org.mybatis.spring.transaction.SpringManagedTransaction.getConnection(SpringManagedTransaction.java:67)
	at org.apache.ibatis.executor.BaseExecutor.getConnection(BaseExecutor.java:337)
	at org.apache.ibatis.executor.SimpleExecutor.prepareStatement(SimpleExecutor.java:86)
	at org.apache.ibatis.executor.SimpleExecutor.doQuery(SimpleExecutor.java:62)
	at org.apache.ibatis.executor.BaseExecutor.queryFromDatabase(BaseExecutor.java:325)
	at org.apache.ibatis.executor.BaseExecutor.query(BaseExecutor.java:156)
	at org.apache.ibatis.executor.CachingExecutor.query(CachingExecutor.java:109)
	at org.apache.ibatis.executor.CachingExecutor.query(CachingExecutor.java:89)
	at org.apache.ibatis.session.defaults.DefaultSqlSession.selectList(DefaultSqlSession.java:147)
	at org.apache.ibatis.session.defaults.DefaultSqlSession.selectList(DefaultSqlSession.java:140)
	at sun.reflect.NativeMethodAccessorImpl.invoke0(Native Method)
	at sun.reflect.NativeMethodAccessorImpl.invoke(NativeMethodAccessorImpl.java:62)
	at sun.reflect.DelegatingMethodAccessorImpl.invoke(DelegatingMethodAccessorImpl.java:43)
	at java.lang.reflect.Method.invoke(Method.java:498)
	at org.mybatis.spring.SqlSessionTemplate$SqlSessionInterceptor.invoke(SqlSessionTemplate.java:426)
	at com.sun.proxy.$Proxy64.selectList(Unknown Source)
	at org.mybatis.spring.SqlSessionTemplate.selectList(SqlSessionTemplate.java:223)
	at org.apache.ibatis.binding.MapperMethod.executeForMany(MapperMethod.java:147)
	at org.apache.ibatis.binding.MapperMethod.execute(MapperMethod.java:80)
	at org.apache.ibatis.binding.MapperProxy$PlainMethodInvoker.invoke(MapperProxy.java:152)
	at org.apache.ibatis.binding.MapperProxy.invoke(MapperProxy.java:85)
	at com.sun.proxy.$Proxy65.list(Unknown Source)
	at sun.reflect.NativeMethodAccessorImpl.invoke0(Native Method)
	at sun.reflect.NativeMethodAccessorImpl.invoke(NativeMethodAccessorImpl.java:62)
	at sun.reflect.DelegatingMethodAccessorImpl.invoke(DelegatingMethodAccessorImpl.java:43)
	at java.lang.reflect.Method.invoke(Method.java:498)
	at org.springframework.aop.support.AopUtils.invokeJoinpointUsingReflection(AopUtils.java:344)
	at org.springframework.aop.framework.ReflectiveMethodInvocation.invokeJoinpoint(ReflectiveMethodInvocation.java:198)
	at org.springframework.aop.framework.ReflectiveMethodInvocation.proceed(ReflectiveMethodInvocation.java:163)
	at org.springframework.dao.support.PersistenceExceptionTranslationInterceptor.invoke(PersistenceExceptionTranslationInterceptor.java:137)
	at org.springframework.aop.framework.ReflectiveMethodInvocation.proceed(ReflectiveMethodInvocation.java:186)
	at org.springframework.aop.framework.JdkDynamicAopProxy.invoke(JdkDynamicAopProxy.java:215)
	at com.sun.proxy.$Proxy66.list(Unknown Source)
	at com.wiki.demo.service.TestService.list(TestService.java:17)
	at com.wiki.demo.controller.TestController.list(TestController.java:47)
	at sun.reflect.NativeMethodAccessorImpl.invoke0(Native Method)
	at sun.reflect.NativeMethodAccessorImpl.invoke(NativeMethodAccessorImpl.java:62)
	at sun.reflect.DelegatingMethodAccessorImpl.invoke(DelegatingMethodAccessorImpl.java:43)
	at java.lang.reflect.Method.invoke(Method.java:498)
	at org.springframework.web.method.support.InvocableHandlerMethod.doInvoke(InvocableHandlerMethod.java:205)
	at org.springframework.web.method.support.InvocableHandlerMethod.invokeForRequest(InvocableHandlerMethod.java:150)
	at org.springframework.web.servlet.mvc.method.annotation.ServletInvocableHandlerMethod.invokeAndHandle(ServletInvocableHandlerMethod.java:117)
	at org.springframework.web.servlet.mvc.method.annotation.RequestMappingHandlerAdapter.invokeHandlerMethod(RequestMappingHandlerAdapter.java:895)
	at org.springframework.web.servlet.mvc.method.annotation.RequestMappingHandlerAdapter.handleInternal(RequestMappingHandlerAdapter.java:808)
	at org.springframework.web.servlet.mvc.method.AbstractHandlerMethodAdapter.handle(AbstractHandlerMethodAdapter.java:87)
	at org.springframework.web.servlet.DispatcherServlet.doDispatch(DispatcherServlet.java:1067)
	at org.springframework.web.servlet.DispatcherServlet.doService(DispatcherServlet.java:963)
	at org.springframework.web.servlet.FrameworkServlet.processRequest(FrameworkServlet.java:1006)
	at org.springframework.web.servlet.FrameworkServlet.doGet(FrameworkServlet.java:898)
	at javax.servlet.http.HttpServlet.service(HttpServlet.java:655)
	at org.springframework.web.servlet.FrameworkServlet.service(FrameworkServlet.java:883)
	at javax.servlet.http.HttpServlet.service(HttpServlet.java:764)
	at org.apache.catalina.core.ApplicationFilterChain.internalDoFilter(ApplicationFilterChain.java:227)
	at org.apache.catalina.core.ApplicationFilterChain.doFilter(ApplicationFilterChain.java:162)
	at org.apache.tomcat.websocket.server.WsFilter.doFilter(WsFilter.java:53)
	at org.apache.catalina.core.ApplicationFilterChain.internalDoFilter(ApplicationFilterChain.java:189)
	at org.apache.catalina.core.ApplicationFilterChain.doFilter(ApplicationFilterChain.java:162)
	at org.springframework.web.filter.RequestContextFilter.doFilterInternal(RequestContextFilter.java:100)
	at org.springframework.web.filter.OncePerRequestFilter.doFilter(OncePerRequestFilter.java:117)
	at org.apache.catalina.core.ApplicationFilterChain.internalDoFilter(ApplicationFilterChain.java:189)
	at org.apache.catalina.core.ApplicationFilterChain.doFilter(ApplicationFilterChain.java:162)
	at org.springframework.web.filter.FormContentFilter.doFilterInternal(FormContentFilter.java:93)
	at org.springframework.web.filter.OncePerRequestFilter.doFilter(OncePerRequestFilter.java:117)
	at org.apache.catalina.core.ApplicationFilterChain.internalDoFilter(ApplicationFilterChain.java:189)
	at org.apache.catalina.core.ApplicationFilterChain.doFilter(ApplicationFilterChain.java:162)
	at org.springframework.web.filter.CharacterEncodingFilter.doFilterInternal(CharacterEncodingFilter.java:201)
	at org.springframework.web.filter.OncePerRequestFilter.doFilter(OncePerRequestFilter.java:117)
	at org.apache.catalina.core.ApplicationFilterChain.internalDoFilter(ApplicationFilterChain.java:189)
	at org.apache.catalina.core.ApplicationFilterChain.doFilter(ApplicationFilterChain.java:162)
	at org.apache.catalina.core.StandardWrapperValve.invoke(StandardWrapperValve.java:197)
	at org.apache.catalina.core.StandardContextValve.invoke(StandardContextValve.java:97)
	at org.apache.catalina.authenticator.AuthenticatorBase.invoke(AuthenticatorBase.java:541)
	at org.apache.catalina.core.StandardHostValve.invoke(StandardHostValve.java:135)
	at org.apache.catalina.valves.ErrorReportValve.invoke(ErrorReportValve.java:92)
	at org.apache.catalina.core.StandardEngineValve.invoke(StandardEngineValve.java:78)
	at org.apache.catalina.connector.CoyoteAdapter.service(CoyoteAdapter.java:360)
	at org.apache.coyote.http11.Http11Processor.service(Http11Processor.java:399)
	at org.apache.coyote.AbstractProcessorLight.process(AbstractProcessorLight.java:65)
	at org.apache.coyote.AbstractProtocol$ConnectionHandler.process(AbstractProtocol.java:890)
	at org.apache.tomcat.util.net.NioEndpoint$SocketProcessor.doRun(NioEndpoint.java:1743)
	at org.apache.tomcat.util.net.SocketProcessorBase.run(SocketProcessorBase.java:49)
	at org.apache.tomcat.util.threads.ThreadPoolExecutor.runWorker(ThreadPoolExecutor.java:1191)
	at org.apache.tomcat.util.threads.ThreadPoolExecutor$Worker.run(ThreadPoolExecutor.java:659)
	at org.apache.tomcat.util.threads.TaskThread$WrappingRunnable.run(TaskThread.java:61)
	at java.lang.Thread.run(Thread.java:745)
2022-05-05 08:29:26.258 INFO  com.zaxxer.hikari.HikariDataSource                :110  [32m                  [0;39m HikariPool-1 - Starting...
2022-05-05 08:29:31.588 ERROR com.zaxxer.hikari.pool.HikariPool                 :594  [32m                  [0;39m HikariPool-1 - Exception during pool initialization.
java.sql.SQLNonTransientConnectionException: Could not create connection to database server. Attempted reconnect 3 times. Giving up.
	at com.mysql.cj.jdbc.exceptions.SQLError.createSQLException(SQLError.java:110)
	at com.mysql.cj.jdbc.exceptions.SQLError.createSQLException(SQLError.java:97)
	at com.mysql.cj.jdbc.exceptions.SQLError.createSQLException(SQLError.java:89)
	at com.mysql.cj.jdbc.exceptions.SQLError.createSQLException(SQLError.java:63)
	at com.mysql.cj.jdbc.exceptions.SQLError.createSQLException(SQLError.java:73)
	at com.mysql.cj.jdbc.ConnectionImpl.connectWithRetries(ConnectionImpl.java:906)
	at com.mysql.cj.jdbc.ConnectionImpl.createNewIO(ConnectionImpl.java:831)
	at com.mysql.cj.jdbc.ConnectionImpl.<init>(ConnectionImpl.java:456)
	at com.mysql.cj.jdbc.ConnectionImpl.getInstance(ConnectionImpl.java:246)
	at com.mysql.cj.jdbc.NonRegisteringDriver.connect(NonRegisteringDriver.java:198)
	at com.zaxxer.hikari.util.DriverDataSource.getConnection(DriverDataSource.java:138)
	at com.zaxxer.hikari.pool.PoolBase.newConnection(PoolBase.java:364)
	at com.zaxxer.hikari.pool.PoolBase.newPoolEntry(PoolBase.java:206)
	at com.zaxxer.hikari.pool.HikariPool.createPoolEntry(HikariPool.java:476)
	at com.zaxxer.hikari.pool.HikariPool.checkFailFast(HikariPool.java:561)
	at com.zaxxer.hikari.pool.HikariPool.<init>(HikariPool.java:115)
	at com.zaxxer.hikari.HikariDataSource.getConnection(HikariDataSource.java:112)
	at org.springframework.jdbc.datasource.DataSourceUtils.fetchConnection(DataSourceUtils.java:159)
	at org.springframework.jdbc.datasource.DataSourceUtils.doGetConnection(DataSourceUtils.java:117)
	at org.springframework.jdbc.datasource.DataSourceUtils.getConnection(DataSourceUtils.java:80)
	at org.mybatis.spring.transaction.SpringManagedTransaction.openConnection(SpringManagedTransaction.java:80)
	at org.mybatis.spring.transaction.SpringManagedTransaction.getConnection(SpringManagedTransaction.java:67)
	at org.apache.ibatis.executor.BaseExecutor.getConnection(BaseExecutor.java:337)
	at org.apache.ibatis.executor.SimpleExecutor.prepareStatement(SimpleExecutor.java:86)
	at org.apache.ibatis.executor.SimpleExecutor.doQuery(SimpleExecutor.java:62)
	at org.apache.ibatis.executor.BaseExecutor.queryFromDatabase(BaseExecutor.java:325)
	at org.apache.ibatis.executor.BaseExecutor.query(BaseExecutor.java:156)
	at org.apache.ibatis.executor.CachingExecutor.query(CachingExecutor.java:109)
	at org.apache.ibatis.executor.CachingExecutor.query(CachingExecutor.java:89)
	at org.apache.ibatis.session.defaults.DefaultSqlSession.selectList(DefaultSqlSession.java:147)
	at org.apache.ibatis.session.defaults.DefaultSqlSession.selectList(DefaultSqlSession.java:140)
	at sun.reflect.NativeMethodAccessorImpl.invoke0(Native Method)
	at sun.reflect.NativeMethodAccessorImpl.invoke(NativeMethodAccessorImpl.java:62)
	at sun.reflect.DelegatingMethodAccessorImpl.invoke(DelegatingMethodAccessorImpl.java:43)
	at java.lang.reflect.Method.invoke(Method.java:498)
	at org.mybatis.spring.SqlSessionTemplate$SqlSessionInterceptor.invoke(SqlSessionTemplate.java:426)
	at com.sun.proxy.$Proxy64.selectList(Unknown Source)
	at org.mybatis.spring.SqlSessionTemplate.selectList(SqlSessionTemplate.java:223)
	at org.apache.ibatis.binding.MapperMethod.executeForMany(MapperMethod.java:147)
	at org.apache.ibatis.binding.MapperMethod.execute(MapperMethod.java:80)
	at org.apache.ibatis.binding.MapperProxy$PlainMethodInvoker.invoke(MapperProxy.java:152)
	at org.apache.ibatis.binding.MapperProxy.invoke(MapperProxy.java:85)
	at com.sun.proxy.$Proxy65.list(Unknown Source)
	at sun.reflect.NativeMethodAccessorImpl.invoke0(Native Method)
	at sun.reflect.NativeMethodAccessorImpl.invoke(NativeMethodAccessorImpl.java:62)
	at sun.reflect.DelegatingMethodAccessorImpl.invoke(DelegatingMethodAccessorImpl.java:43)
	at java.lang.reflect.Method.invoke(Method.java:498)
	at org.springframework.aop.support.AopUtils.invokeJoinpointUsingReflection(AopUtils.java:344)
	at org.springframework.aop.framework.ReflectiveMethodInvocation.invokeJoinpoint(ReflectiveMethodInvocation.java:198)
	at org.springframework.aop.framework.ReflectiveMethodInvocation.proceed(ReflectiveMethodInvocation.java:163)
	at org.springframework.dao.support.PersistenceExceptionTranslationInterceptor.invoke(PersistenceExceptionTranslationInterceptor.java:137)
	at org.springframework.aop.framework.ReflectiveMethodInvocation.proceed(ReflectiveMethodInvocation.java:186)
	at org.springframework.aop.framework.JdkDynamicAopProxy.invoke(JdkDynamicAopProxy.java:215)
	at com.sun.proxy.$Proxy66.list(Unknown Source)
	at com.wiki.demo.service.TestService.list(TestService.java:17)
	at com.wiki.demo.controller.TestController.list(TestController.java:47)
	at sun.reflect.NativeMethodAccessorImpl.invoke0(Native Method)
	at sun.reflect.NativeMethodAccessorImpl.invoke(NativeMethodAccessorImpl.java:62)
	at sun.reflect.DelegatingMethodAccessorImpl.invoke(DelegatingMethodAccessorImpl.java:43)
	at java.lang.reflect.Method.invoke(Method.java:498)
	at org.springframework.web.method.support.InvocableHandlerMethod.doInvoke(InvocableHandlerMethod.java:205)
	at org.springframework.web.method.support.InvocableHandlerMethod.invokeForRequest(InvocableHandlerMethod.java:150)
	at org.springframework.web.servlet.mvc.method.annotation.ServletInvocableHandlerMethod.invokeAndHandle(ServletInvocableHandlerMethod.java:117)
	at org.springframework.web.servlet.mvc.method.annotation.RequestMappingHandlerAdapter.invokeHandlerMethod(RequestMappingHandlerAdapter.java:895)
	at org.springframework.web.servlet.mvc.method.annotation.RequestMappingHandlerAdapter.handleInternal(RequestMappingHandlerAdapter.java:808)
	at org.springframework.web.servlet.mvc.method.AbstractHandlerMethodAdapter.handle(AbstractHandlerMethodAdapter.java:87)
	at org.springframework.web.servlet.DispatcherServlet.doDispatch(DispatcherServlet.java:1067)
	at org.springframework.web.servlet.DispatcherServlet.doService(DispatcherServlet.java:963)
	at org.springframework.web.servlet.FrameworkServlet.processRequest(FrameworkServlet.java:1006)
	at org.springframework.web.servlet.FrameworkServlet.doGet(FrameworkServlet.java:898)
	at javax.servlet.http.HttpServlet.service(HttpServlet.java:655)
	at org.springframework.web.servlet.FrameworkServlet.service(FrameworkServlet.java:883)
	at javax.servlet.http.HttpServlet.service(HttpServlet.java:764)
	at org.apache.catalina.core.ApplicationFilterChain.internalDoFilter(ApplicationFilterChain.java:227)
	at org.apache.catalina.core.ApplicationFilterChain.doFilter(ApplicationFilterChain.java:162)
	at org.apache.tomcat.websocket.server.WsFilter.doFilter(WsFilter.java:53)
	at org.apache.catalina.core.ApplicationFilterChain.internalDoFilter(ApplicationFilterChain.java:189)
	at org.apache.catalina.core.ApplicationFilterChain.doFilter(ApplicationFilterChain.java:162)
	at org.springframework.web.filter.RequestContextFilter.doFilterInternal(RequestContextFilter.java:100)
	at org.springframework.web.filter.OncePerRequestFilter.doFilter(OncePerRequestFilter.java:117)
	at org.apache.catalina.core.ApplicationFilterChain.internalDoFilter(ApplicationFilterChain.java:189)
	at org.apache.catalina.core.ApplicationFilterChain.doFilter(ApplicationFilterChain.java:162)
	at org.springframework.web.filter.FormContentFilter.doFilterInternal(FormContentFilter.java:93)
	at org.springframework.web.filter.OncePerRequestFilter.doFilter(OncePerRequestFilter.java:117)
	at org.apache.catalina.core.ApplicationFilterChain.internalDoFilter(ApplicationFilterChain.java:189)
	at org.apache.catalina.core.ApplicationFilterChain.doFilter(ApplicationFilterChain.java:162)
	at org.springframework.web.filter.CharacterEncodingFilter.doFilterInternal(CharacterEncodingFilter.java:201)
	at org.springframework.web.filter.OncePerRequestFilter.doFilter(OncePerRequestFilter.java:117)
	at org.apache.catalina.core.ApplicationFilterChain.internalDoFilter(ApplicationFilterChain.java:189)
	at org.apache.catalina.core.ApplicationFilterChain.doFilter(ApplicationFilterChain.java:162)
	at org.apache.catalina.core.StandardWrapperValve.invoke(StandardWrapperValve.java:197)
	at org.apache.catalina.core.StandardContextValve.invoke(StandardContextValve.java:97)
	at org.apache.catalina.authenticator.AuthenticatorBase.invoke(AuthenticatorBase.java:541)
	at org.apache.catalina.core.StandardHostValve.invoke(StandardHostValve.java:135)
	at org.apache.catalina.valves.ErrorReportValve.invoke(ErrorReportValve.java:92)
	at org.apache.catalina.core.StandardEngineValve.invoke(StandardEngineValve.java:78)
	at org.apache.catalina.connector.CoyoteAdapter.service(CoyoteAdapter.java:360)
	at org.apache.coyote.http11.Http11Processor.service(Http11Processor.java:399)
	at org.apache.coyote.AbstractProcessorLight.process(AbstractProcessorLight.java:65)
	at org.apache.coyote.AbstractProtocol$ConnectionHandler.process(AbstractProtocol.java:890)
	at org.apache.tomcat.util.net.NioEndpoint$SocketProcessor.doRun(NioEndpoint.java:1743)
	at org.apache.tomcat.util.net.SocketProcessorBase.run(SocketProcessorBase.java:49)
	at org.apache.tomcat.util.threads.ThreadPoolExecutor.runWorker(ThreadPoolExecutor.java:1191)
	at org.apache.tomcat.util.threads.ThreadPoolExecutor$Worker.run(ThreadPoolExecutor.java:659)
	at org.apache.tomcat.util.threads.TaskThread$WrappingRunnable.run(TaskThread.java:61)
	at java.lang.Thread.run(Thread.java:745)
Caused by: com.mysql.cj.exceptions.WrongArgumentException: No timezone mapping entry for 'Asia/ShenZhen'
	at sun.reflect.NativeConstructorAccessorImpl.newInstance0(Native Method)
	at sun.reflect.NativeConstructorAccessorImpl.newInstance(NativeConstructorAccessorImpl.java:62)
	at sun.reflect.DelegatingConstructorAccessorImpl.newInstance(DelegatingConstructorAccessorImpl.java:45)
	at java.lang.reflect.Constructor.newInstance(Constructor.java:423)
	at com.mysql.cj.exceptions.ExceptionFactory.createException(ExceptionFactory.java:61)
	at com.mysql.cj.exceptions.ExceptionFactory.createException(ExceptionFactory.java:85)
	at com.mysql.cj.protocol.a.NativeProtocol.configureTimezone(NativeProtocol.java:2200)
	at com.mysql.cj.protocol.a.NativeProtocol.initServerSession(NativeProtocol.java:2209)
	at com.mysql.cj.jdbc.ConnectionImpl.initializePropsFromServer(ConnectionImpl.java:1318)
	at com.mysql.cj.jdbc.ConnectionImpl.connectWithRetries(ConnectionImpl.java:869)
	... 100 common frames omitted
2022-05-05 08:29:31.814 INFO  com.wiki.demo.config.DemoApplication              :55   [32m                  [0;39m Starting DemoApplication using Java 1.8.0_121 on 根号3 with PID 20804 (D:\springboot\demo\target\classes started by jin-y in D:\springboot)
2022-05-05 08:29:31.814 INFO  com.wiki.demo.config.DemoApplication              :640  [32m                  [0;39m No active profile set, falling back to 1 default profile: "default"
2022-05-05 08:29:32.061 INFO  o.s.boot.web.embedded.tomcat.TomcatWebServer      :108  [32m                  [0;39m Tomcat initialized with port(s): 8880 (http)
2022-05-05 08:29:32.062 INFO  org.apache.coyote.http11.Http11NioProtocol        :173  [32m                  [0;39m Initializing ProtocolHandler ["http-nio-8880"]
2022-05-05 08:29:32.062 INFO  org.apache.catalina.core.StandardService          :173  [32m                  [0;39m Starting service [Tomcat]
2022-05-05 08:29:32.062 INFO  org.apache.catalina.core.StandardEngine           :173  [32m                  [0;39m Starting Servlet engine: [Apache Tomcat/9.0.62]
2022-05-05 08:29:32.079 INFO  o.a.c.core.ContainerBase.[Tomcat].[localhost].[/] :173  [32m                  [0;39m Initializing Spring embedded WebApplicationContext
2022-05-05 08:29:32.079 INFO  o.s.b.w.s.c.ServletWebServerApplicationContext    :290  [32m                  [0;39m Root WebApplicationContext: initialization completed in 260 ms
2022-05-05 08:29:32.187 INFO  o.s.b.d.autoconfigure.OptionalLiveReloadServer    :58   [32m                  [0;39m LiveReload server is running on port 35729
2022-05-05 08:29:32.193 INFO  org.apache.coyote.http11.Http11NioProtocol        :173  [32m                  [0;39m Starting ProtocolHandler ["http-nio-8880"]
2022-05-05 08:29:32.195 INFO  o.s.boot.web.embedded.tomcat.TomcatWebServer      :220  [32m                  [0;39m Tomcat started on port(s): 8880 (http) with context path ''
2022-05-05 08:29:32.198 INFO  com.wiki.demo.config.DemoApplication              :61   [32m                  [0;39m Started DemoApplication in 0.418 seconds (JVM running for 321.989)
2022-05-05 08:29:32.200 INFO  o.s.b.d.a.ConditionEvaluationDeltaLoggingListener :63   [32m                  [0;39m Condition evaluation unchanged
2022-05-05 08:29:32.625 INFO  o.a.c.core.ContainerBase.[Tomcat].[localhost].[/] :173  [32m                  [0;39m Initializing Spring DispatcherServlet 'dispatcherServlet'
2022-05-05 08:29:32.626 INFO  org.springframework.web.servlet.DispatcherServlet :525  [32m                  [0;39m Initializing Servlet 'dispatcherServlet'
2022-05-05 08:29:32.627 INFO  org.springframework.web.servlet.DispatcherServlet :547  [32m                  [0;39m Completed initialization in 1 ms
2022-05-05 08:29:32.628 INFO  com.zaxxer.hikari.HikariDataSource                :110  [32m                  [0;39m HikariPool-2 - Starting...
2022-05-05 08:29:33.360 INFO  com.zaxxer.hikari.HikariDataSource                :123  [32m                  [0;39m HikariPool-2 - Start completed.
